<?xml version="1.0" encoding="UTF-8"?>
<!-- Generated by org.testng.reporters.JUnitXMLReporter -->
<testsuite ignored="2" hostname="DESKTOP-R589HK7" failures="2" tests="3" name="Test(failed)" time="20.78" errors="0" timestamp="2025-04-09T08:01:40 IST">
  <testcase classname="adactin.test.BookingTest" name="testBookHotel" time="5.601"/>
  <testcase classname="adactin.test.BookingTest" name="testDetails" time="5.822">
    <failure type="java.lang.AssertionError" message="The following asserts failed:
	Room type mismatch expected [Double] but found [Deluxe],
	Last name mismatch expected [Marcus] but found []">
      <![CDATA[java.lang.AssertionError: The following asserts failed:
Room type mismatch expected [Double] but found [Deluxe],
Last name mismatch expected [Marcus] but found []
at adactin.test.BookingTest.testDetails(BookingTest.java:92)
at java.base/java.util.ArrayList.forEach(ArrayList.java:1511)
... Removed 29 stack frames]]>
    </failure>
  </testcase> <!-- testDetails -->
  <testcase classname="adactin.test.BookingTest" name="testBookingWithInvalidCardDetails" time="0.097">
    <failure type="org.testng.internal.reflect.MethodMatcherException" message="
[public void adactin.test.BookingTest.testBookingWithInvalidCardDetails(java.lang.String,java.lang.String,java.lang.String,java.lang.String,java.lang.String)] has no parameters defined but was found to be using a data provider (either explicitly specified or inherited from class level annotation).
Data provider mismatch
Method: testBookingWithInvalidCardDetails([java.lang.String arg0, java.lang.String arg1, java.lang.String arg2, java.lang.String arg3, java.lang.String arg4])
Arguments: [(java.lang.String) 10/02/2025,(java.lang.String) 11/02/2025]">
      <![CDATA[org.testng.internal.reflect.MethodMatcherException: 
[public void adactin.test.BookingTest.testBookingWithInvalidCardDetails(java.lang.String,java.lang.String,java.lang.String,java.lang.String,java.lang.String)] has no parameters defined but was found to be using a data provider (either explicitly specified or inherited from class level annotation).
Data provider mismatch
Method: testBookingWithInvalidCardDetails([java.lang.String arg0, java.lang.String arg1, java.lang.String arg2, java.lang.String arg3, java.lang.String arg4])
Arguments: [(java.lang.String) 10/02/2025,(java.lang.String) 11/02/2025]
at java.base/java.util.ArrayList.forEach(ArrayList.java:1511)
... Removed 22 stack frames]]>
    </failure>
  </testcase> <!-- testBookingWithInvalidCardDetails -->
  <testcase classname="adactin.test.BookingTest" name="testGetOrderID" time="0.0">
    <ignored/>
  </testcase> <!-- testGetOrderID -->
  <testcase classname="adactin.test.BookingTest" name="testMyItinerary" time="0.0">
    <ignored/>
  </testcase> <!-- testMyItinerary -->
</testsuite> <!-- Test(failed) -->
