<?xml version="1.0" encoding="UTF-8"?>
<testsuite xmlns:xsi="http://www.w3.org/2001/XMLSchema-instance" xsi:noNamespaceSchemaLocation="https://maven.apache.org/surefire/maven-surefire-plugin/xsd/surefire-test-report.xsd" version="3.0.2" name="TestSuite" time="359.185" tests="26" errors="0" skipped="0" failures="1">
  <properties>
[...]
</properties>
  <testcase name="testLogo" classname="adactin.test.LoginTest" time="0.261">
    <system-err><![CDATA[Apr 09, 2025 11:03:21 AM org.openqa.selenium.devtools.CdpVersionFinder findNearestMatch
WARNING: Unable to find CDP implementation matching 135
Apr 09, 2025 11:03:21 AM org.openqa.selenium.chromium.ChromiumDriver lambda$new$5
WARNING: Unable to find version of CDP to use for 135.0.7049.42. You may need to include a dependency on a specific version of the CDP using something similar to `org.seleniumhq.selenium:selenium-devtools-v86:4.23.1` where the version ("v86") matches the version of the chromium-based browser you're using and the version number of the artifact is the same as Selenium's.
]]></system-err>
  </testcase>
  <testcase name="isLoginBtnEnabled" classname="adactin.test.LoginTest" time="0.094"/>
  <testcase name="testLinksDispay" classname="adactin.test.SearchHotelTest" time="1.364">
    <system-err><![CDATA[Apr 09, 2025 11:03:27 AM org.openqa.selenium.devtools.CdpVersionFinder findNearestMatch
WARNING: Unable to find CDP implementation matching 135
Apr 09, 2025 11:03:27 AM org.openqa.selenium.chromium.ChromiumDriver lambda$new$5
WARNING: Unable to find version of CDP to use for 135.0.7049.42. You may need to include a dependency on a specific version of the CDP using something similar to `org.seleniumhq.selenium:selenium-devtools-v86:4.23.1` where the version ("v86") matches the version of the chromium-based browser you're using and the version number of the artifact is the same as Selenium's.
]]></system-err>
  </testcase>
  <testcase name="testSearchHotel" classname="adactin.test.SearchHotelTest" time="2.3"/>
  <testcase name="bookingWithPastDate[10/02/2025, 11/02/2025](1)" classname="adactin.test.SearchHotelTest" time="2.849"/>
  <testcase name="searchWithoutLocation" classname="adactin.test.SearchHotelTest" time="0.726"/>
  <testcase name="testSelectHotel[Adam, Marcus, addr 123, 1234567890121210, 121](1)" classname="adactin.test.SearchHotelTest" time="24.145"/>
  <testcase name="testSelectHotel[Adam, Marcus, addr 123, 1234567890121210, 121](2)" classname="adactin.test.SearchHotelTest" time="10.663"/>
  <testcase name="testSelectHotel[Adam, Marcus, addr 123, 1234567890121210, 121](3)" classname="adactin.test.SearchHotelTest" time="10.402"/>
  <testcase name="testSelectHotel[Adam, Marcus, addr 123, 1234567890121210, 121](4)" classname="adactin.test.SearchHotelTest" time="11.34"/>
  <testcase name="testSelectHotel[Adam, Marcus, addr 123, 1234567890121210, 121](5)" classname="adactin.test.SearchHotelTest" time="14.093"/>
  <testcase name="testWithoutSelectHotel" classname="adactin.test.SearchHotelTest" time="2.682"/>
  <testcase name="testWithoutOptionalFields" classname="adactin.test.SearchHotelTest" time="1.432"/>
  <testcase name="testBookHotel[Adam, Marcus, addr 123, 1234567890121210, 121](1)" classname="adactin.test.BookingTest" time="7.435">
    <system-err><![CDATA[Apr 09, 2025 11:05:00 AM org.openqa.selenium.devtools.CdpVersionFinder findNearestMatch
WARNING: Unable to find CDP implementation matching 135
Apr 09, 2025 11:05:00 AM org.openqa.selenium.chromium.ChromiumDriver lambda$new$5
WARNING: Unable to find version of CDP to use for 135.0.7049.42. You may need to include a dependency on a specific version of the CDP using something similar to `org.seleniumhq.selenium:selenium-devtools-v86:4.23.1` where the version ("v86") matches the version of the chromium-based browser you're using and the version number of the artifact is the same as Selenium's.
]]></system-err>
  </testcase>
  <testcase name="testMyItinerary" classname="adactin.test.BookingTest" time="6.102"/>
  <testcase name="testDetails" classname="adactin.test.BookingTest" time="0.299">
    <failure message="The following asserts failed:&#10;	Room type mismatch expected [Double] but found [Deluxe],&#10;	Last name mismatch expected [Marcus] but found []" type="java.lang.AssertionError"><![CDATA[java.lang.AssertionError: 
The following asserts failed:
	Room type mismatch expected [Double] but found [Deluxe],
	Last name mismatch expected [Marcus] but found []
	at org.testng.asserts.SoftAssert.assertAll(SoftAssert.java:46)
	at org.testng.asserts.SoftAssert.assertAll(SoftAssert.java:30)
	at adactin.test.BookingTest.testDetails(BookingTest.java:92)
	at java.base/jdk.internal.reflect.NativeMethodAccessorImpl.invoke0(Native Method)
	at java.base/jdk.internal.reflect.NativeMethodAccessorImpl.invoke(NativeMethodAccessorImpl.java:77)
	at java.base/jdk.internal.reflect.DelegatingMethodAccessorImpl.invoke(DelegatingMethodAccessorImpl.java:43)
	at java.base/java.lang.reflect.Method.invoke(Method.java:568)
	at org.testng.internal.invokers.MethodInvocationHelper.invokeMethod(MethodInvocationHelper.java:141)
	at org.testng.internal.invokers.TestInvoker.invokeMethod(TestInvoker.java:686)
	at org.testng.internal.invokers.TestInvoker.invokeTestMethod(TestInvoker.java:230)
	at org.testng.internal.invokers.MethodRunner.runInSequence(MethodRunner.java:63)
	at org.testng.internal.invokers.TestInvoker$MethodInvocationAgent.invoke(TestInvoker.java:992)
	at org.testng.internal.invokers.TestInvoker.invokeTestMethods(TestInvoker.java:203)
	at org.testng.internal.invokers.TestMethodWorker.invokeTestMethods(TestMethodWorker.java:154)
	at org.testng.internal.invokers.TestMethodWorker.run(TestMethodWorker.java:134)
	at java.base/java.util.ArrayList.forEach(ArrayList.java:1511)
	at org.testng.TestRunner.privateRun(TestRunner.java:739)
	at org.testng.TestRunner.run(TestRunner.java:614)
	at org.testng.SuiteRunner.runTest(SuiteRunner.java:421)
	at org.testng.SuiteRunner.runSequentially(SuiteRunner.java:413)
	at org.testng.SuiteRunner.privateRun(SuiteRunner.java:373)
	at org.testng.SuiteRunner.run(SuiteRunner.java:312)
	at org.testng.SuiteRunnerWorker.runSuite(SuiteRunnerWorker.java:52)
	at org.testng.SuiteRunnerWorker.run(SuiteRunnerWorker.java:95)
	at org.testng.TestNG.runSuitesSequentially(TestNG.java:1274)
	at org.testng.TestNG.runSuitesLocally(TestNG.java:1208)
	at org.testng.TestNG.runSuites(TestNG.java:1112)
	at org.testng.TestNG.run(TestNG.java:1079)
	at org.apache.maven.surefire.testng.TestNGExecutor.run(TestNGExecutor.java:308)
	at org.apache.maven.surefire.testng.TestNGXmlTestSuite.execute(TestNGXmlTestSuite.java:71)
	at org.apache.maven.surefire.testng.TestNGProvider.invoke(TestNGProvider.java:113)
	at org.apache.maven.surefire.booter.ForkedBooter.runSuitesInProcess(ForkedBooter.java:385)
	at org.apache.maven.surefire.booter.ForkedBooter.execute(ForkedBooter.java:162)
	at org.apache.maven.surefire.booter.ForkedBooter.run(ForkedBooter.java:507)
	at org.apache.maven.surefire.booter.ForkedBooter.main(ForkedBooter.java:495)
]]></failure>
  </testcase>
  <testcase name="testGetOrderID" classname="adactin.test.BookingTest" time="0.103">
    <system-out><![CDATA[Test Failed: Capturing screenshot...
Screenshot saved at: F:\Software\AdactinCapstone\Screenshot\testDetails_20250409_110516.png
]]></system-out>
  </testcase>
  <testcase name="testBookingWithInvalidCardDetails[Adam, Marcus, addr 123, 123456, 121](1)" classname="adactin.test.BookingTest" time="6.427"/>
  <testcase name="testBookedItinerariLink" classname="adactin.test.BookedItineraryTest" time="12.438">
    <system-err><![CDATA[Apr 09, 2025 11:05:26 AM org.openqa.selenium.devtools.CdpVersionFinder findNearestMatch
WARNING: Unable to find CDP implementation matching 135
Apr 09, 2025 11:05:26 AM org.openqa.selenium.chromium.ChromiumDriver lambda$new$5
WARNING: Unable to find version of CDP to use for 135.0.7049.42. You may need to include a dependency on a specific version of the CDP using something similar to `org.seleniumhq.selenium:selenium-devtools-v86:4.23.1` where the version ("v86") matches the version of the chromium-based browser you're using and the version number of the artifact is the same as Selenium's.
]]></system-err>
  </testcase>
  <testcase name="verifyDetails" classname="adactin.test.BookedItineraryTest" time="0.099"/>
  <testcase name="testCancelBookingWithCheckBox" classname="adactin.test.BookedItineraryTest" time="47.301"/>
  <testcase name="testCancelWithOrderBtn" classname="adactin.test.BookedItineraryTest" time="31.318"/>
  <testcase name="testSearchOrder" classname="adactin.test.BookedItineraryTest" time="53.165"/>
  <testcase name="testSelectAllCehckbox" classname="adactin.test.BookedItineraryTest" time="28.671"/>
  <testcase name="testLogout" classname="adactin.test.BookedItineraryTest" time="48.17"/>
  <testcase name="testLoginAgain" classname="adactin.test.BookedItineraryTest" time="0.389"/>
</testsuite>