<?xml version="1.0" encoding="UTF-8"?>
<testng-results ignored="0" total="25" passed="24" failed="1" skipped="0">
  <reporter-output>
  </reporter-output>
  <suite started-at="2025-04-09T10:24:18 IST" name="Suite" finished-at="2025-04-09T10:29:04 IST" duration-ms="286291">
    <groups>
      <group name="regression">
        <method signature="BookedItineraryTest.testBookedItinerariLink()[pri:1, instance:adactin.test.BookedItineraryTest@6ad59d92]" name="testBookedItinerariLink" class="adactin.test.BookedItineraryTest"/>
        <method signature="BookingTest.testBookHotel(java.lang.String,java.lang.String,java.lang.String,java.lang.String,java.lang.String)[pri:1, instance:adactin.test.BookingTest@366ac49b]" name="testBookHotel" class="adactin.test.BookingTest"/>
        <method signature="BookedItineraryTest.verifyDetails()[pri:2, instance:adactin.test.BookedItineraryTest@6ad59d92]" name="verifyDetails" class="adactin.test.BookedItineraryTest"/>
        <method signature="BookedItineraryTest.testCancelBookingWithCheckBox()[pri:3, instance:adactin.test.BookedItineraryTest@6ad59d92]" name="testCancelBookingWithCheckBox" class="adactin.test.BookedItineraryTest"/>
        <method signature="BookingTest.testDetails()[pri:3, instance:adactin.test.BookingTest@366ac49b]" name="testDetails" class="adactin.test.BookingTest"/>
        <method signature="BookedItineraryTest.testCancelWithOrderBtn()[pri:4, instance:adactin.test.BookedItineraryTest@6ad59d92]" name="testCancelWithOrderBtn" class="adactin.test.BookedItineraryTest"/>
        <method signature="BookedItineraryTest.testSelectAllCehckbox()[pri:6, instance:adactin.test.BookedItineraryTest@6ad59d92]" name="testSelectAllCehckbox" class="adactin.test.BookedItineraryTest"/>
        <method signature="BookedItineraryTest.testLogout()[pri:7, instance:adactin.test.BookedItineraryTest@6ad59d92]" name="testLogout" class="adactin.test.BookedItineraryTest"/>
        <method signature="BookedItineraryTest.testLoginAgain()[pri:8, instance:adactin.test.BookedItineraryTest@6ad59d92]" name="testLoginAgain" class="adactin.test.BookedItineraryTest"/>
        <method signature="LoginTest.testLogo()[pri:1, instance:adactin.test.LoginTest@5d9b7a8a]" name="testLogo" class="adactin.test.LoginTest"/>
        <method signature="SearchHotelTest.testLinksDispay()[pri:1, instance:adactin.test.SearchHotelTest@7b84fcf8]" name="testLinksDispay" class="adactin.test.SearchHotelTest"/>
        <method signature="LoginTest.isLoginBtnEnabled()[pri:2, instance:adactin.test.LoginTest@5d9b7a8a]" name="isLoginBtnEnabled" class="adactin.test.LoginTest"/>
        <method signature="SearchHotelTest.testSearchHotel()[pri:2, instance:adactin.test.SearchHotelTest@7b84fcf8]" name="testSearchHotel" class="adactin.test.SearchHotelTest"/>
        <method signature="SearchHotelTest.bookingWithPastDate(java.lang.String,java.lang.String)[pri:3, instance:adactin.test.SearchHotelTest@7b84fcf8]" name="bookingWithPastDate" class="adactin.test.SearchHotelTest"/>
        <method signature="SearchHotelTest.searchWithoutLocation()[pri:4, instance:adactin.test.SearchHotelTest@7b84fcf8]" name="searchWithoutLocation" class="adactin.test.SearchHotelTest"/>
        <method signature="BookingTest.testBookingWithInvalidCardDetails(java.lang.String,java.lang.String,java.lang.String,java.lang.String,java.lang.String)[pri:5, instance:adactin.test.BookingTest@366ac49b]" name="testBookingWithInvalidCardDetails" class="adactin.test.BookingTest"/>
        <method signature="SearchHotelTest.testSelectHotel(java.lang.String,java.lang.String,java.lang.String,java.lang.String,java.lang.String)[pri:5, instance:adactin.test.SearchHotelTest@7b84fcf8]" name="testSelectHotel" class="adactin.test.SearchHotelTest"/>
        <method signature="SearchHotelTest.testWithoutSelectHotel()[pri:6, instance:adactin.test.SearchHotelTest@7b84fcf8]" name="testWithoutSelectHotel" class="adactin.test.SearchHotelTest"/>
      </group> <!-- regression -->
      <group name="smoke">
        <method signature="BookedItineraryTest.testBookedItinerariLink()[pri:1, instance:adactin.test.BookedItineraryTest@6ad59d92]" name="testBookedItinerariLink" class="adactin.test.BookedItineraryTest"/>
        <method signature="BookingTest.testBookHotel(java.lang.String,java.lang.String,java.lang.String,java.lang.String,java.lang.String)[pri:1, instance:adactin.test.BookingTest@366ac49b]" name="testBookHotel" class="adactin.test.BookingTest"/>
        <method signature="BookingTest.testMyItinerary()[pri:2, instance:adactin.test.BookingTest@366ac49b]" name="testMyItinerary" class="adactin.test.BookingTest"/>
        <method signature="BookedItineraryTest.testCancelBookingWithCheckBox()[pri:3, instance:adactin.test.BookedItineraryTest@6ad59d92]" name="testCancelBookingWithCheckBox" class="adactin.test.BookedItineraryTest"/>
        <method signature="BookingTest.testDetails()[pri:3, instance:adactin.test.BookingTest@366ac49b]" name="testDetails" class="adactin.test.BookingTest"/>
        <method signature="BookedItineraryTest.testSearchOrder()[pri:5, instance:adactin.test.BookedItineraryTest@6ad59d92]" name="testSearchOrder" class="adactin.test.BookedItineraryTest"/>
        <method signature="BookedItineraryTest.testLogout()[pri:7, instance:adactin.test.BookedItineraryTest@6ad59d92]" name="testLogout" class="adactin.test.BookedItineraryTest"/>
        <method signature="BookedItineraryTest.testLoginAgain()[pri:8, instance:adactin.test.BookedItineraryTest@6ad59d92]" name="testLoginAgain" class="adactin.test.BookedItineraryTest"/>
        <method signature="LoginTest.testLogo()[pri:1, instance:adactin.test.LoginTest@5d9b7a8a]" name="testLogo" class="adactin.test.LoginTest"/>
        <method signature="SearchHotelTest.testLinksDispay()[pri:1, instance:adactin.test.SearchHotelTest@7b84fcf8]" name="testLinksDispay" class="adactin.test.SearchHotelTest"/>
        <method signature="SearchHotelTest.testSearchHotel()[pri:2, instance:adactin.test.SearchHotelTest@7b84fcf8]" name="testSearchHotel" class="adactin.test.SearchHotelTest"/>
        <method signature="SearchHotelTest.testSelectHotel(java.lang.String,java.lang.String,java.lang.String,java.lang.String,java.lang.String)[pri:5, instance:adactin.test.SearchHotelTest@7b84fcf8]" name="testSelectHotel" class="adactin.test.SearchHotelTest"/>
        <method signature="SearchHotelTest.testWithoutOptionalFields()[pri:7, instance:adactin.test.SearchHotelTest@7b84fcf8]" name="testWithoutOptionalFields" class="adactin.test.SearchHotelTest"/>
      </group> <!-- smoke -->
    </groups>
    <test started-at="2025-04-09T10:24:18 IST" name="Test" finished-at="2025-04-09T10:29:04 IST" duration-ms="286291">
      <class name="adactin.test.SearchHotelTest">
        <test-method is-config="true" signature="setup(java.lang.String)[pri:0, instance:adactin.test.SearchHotelTest@7b84fcf8]" started-at="2025-04-09T10:24:25 IST" name="setup" finished-at="2025-04-09T10:24:31 IST" duration-ms="5540" status="PASS">
          <params>
            <param index="0">
              <value>
                <![CDATA[chrome]]>
              </value>
            </param>
          </params>
          <reporter-output>
          </reporter-output>
        </test-method> <!-- setup -->
        <test-method is-config="true" signature="setUpPages()[pri:0, instance:adactin.test.SearchHotelTest@7b84fcf8]" started-at="2025-04-09T10:24:31 IST" name="setUpPages" finished-at="2025-04-09T10:24:31 IST" duration-ms="33" status="PASS">
          <reporter-output>
          </reporter-output>
        </test-method> <!-- setUpPages -->
        <test-method signature="testLinksDispay()[pri:1, instance:adactin.test.SearchHotelTest@7b84fcf8]" started-at="2025-04-09T10:24:31 IST" name="testLinksDispay" finished-at="2025-04-09T10:24:33 IST" duration-ms="1637" status="PASS">
          <reporter-output>
          </reporter-output>
        </test-method> <!-- testLinksDispay -->
        <test-method is-config="true" signature="screenshot(org.testng.ITestResult)[pri:0, instance:adactin.test.SearchHotelTest@7b84fcf8]" started-at="2025-04-09T10:24:33 IST" name="screenshot" finished-at="2025-04-09T10:24:33 IST" duration-ms="1" status="PASS">
          <params>
            <param index="0">
              <value>
                <![CDATA[[TestResult name=testLinksDispay status=SUCCESS method=SearchHotelTest.testLinksDispay()[pri:1, instance:adactin.test.SearchHotelTest@7b84fcf8] output={null}]]]>
              </value>
            </param>
          </params>
          <reporter-output>
          </reporter-output>
        </test-method> <!-- screenshot -->
        <test-method is-config="true" signature="setUpPages()[pri:0, instance:adactin.test.SearchHotelTest@7b84fcf8]" started-at="2025-04-09T10:24:33 IST" name="setUpPages" finished-at="2025-04-09T10:24:33 IST" duration-ms="8" status="PASS">
          <reporter-output>
          </reporter-output>
        </test-method> <!-- setUpPages -->
        <test-method signature="testSearchHotel()[pri:2, instance:adactin.test.SearchHotelTest@7b84fcf8]" started-at="2025-04-09T10:24:33 IST" name="testSearchHotel" finished-at="2025-04-09T10:24:36 IST" duration-ms="3159" status="PASS">
          <reporter-output>
          </reporter-output>
        </test-method> <!-- testSearchHotel -->
        <test-method is-config="true" signature="screenshot(org.testng.ITestResult)[pri:0, instance:adactin.test.SearchHotelTest@7b84fcf8]" started-at="2025-04-09T10:24:36 IST" name="screenshot" finished-at="2025-04-09T10:24:36 IST" duration-ms="1" status="PASS">
          <params>
            <param index="0">
              <value>
                <![CDATA[[TestResult name=testSearchHotel status=SUCCESS method=SearchHotelTest.testSearchHotel()[pri:2, instance:adactin.test.SearchHotelTest@7b84fcf8] output={null}]]]>
              </value>
            </param>
          </params>
          <reporter-output>
          </reporter-output>
        </test-method> <!-- screenshot -->
        <test-method is-config="true" signature="setUpPages()[pri:0, instance:adactin.test.SearchHotelTest@7b84fcf8]" started-at="2025-04-09T10:24:38 IST" name="setUpPages" finished-at="2025-04-09T10:24:38 IST" duration-ms="9" status="PASS">
          <reporter-output>
          </reporter-output>
        </test-method> <!-- setUpPages -->
        <test-method signature="bookingWithPastDate(java.lang.String,java.lang.String)[pri:3, instance:adactin.test.SearchHotelTest@7b84fcf8]" started-at="2025-04-09T10:24:38 IST" name="bookingWithPastDate" data-provider="pastDateData" finished-at="2025-04-09T10:24:41 IST" duration-ms="2812" status="PASS">
          <params>
            <param index="0">
              <value>
                <![CDATA[10/02/2025]]>
              </value>
            </param>
            <param index="1">
              <value>
                <![CDATA[11/02/2025]]>
              </value>
            </param>
          </params>
          <reporter-output>
          </reporter-output>
        </test-method> <!-- bookingWithPastDate -->
        <test-method is-config="true" signature="screenshot(org.testng.ITestResult)[pri:0, instance:adactin.test.SearchHotelTest@7b84fcf8]" started-at="2025-04-09T10:24:41 IST" name="screenshot" finished-at="2025-04-09T10:24:41 IST" duration-ms="1" status="PASS">
          <params>
            <param index="0">
              <value>
                <![CDATA[[TestResult name=bookingWithPastDate status=SUCCESS method=SearchHotelTest.bookingWithPastDate(java.lang.String,java.lang.String)[pri:3, instance:adactin.test.SearchHotelTest@7b84fcf8] output={null}]]]>
              </value>
            </param>
          </params>
          <reporter-output>
          </reporter-output>
        </test-method> <!-- screenshot -->
        <test-method is-config="true" signature="setUpPages()[pri:0, instance:adactin.test.SearchHotelTest@7b84fcf8]" started-at="2025-04-09T10:24:41 IST" name="setUpPages" finished-at="2025-04-09T10:24:41 IST" duration-ms="6" status="PASS">
          <reporter-output>
          </reporter-output>
        </test-method> <!-- setUpPages -->
        <test-method signature="searchWithoutLocation()[pri:4, instance:adactin.test.SearchHotelTest@7b84fcf8]" started-at="2025-04-09T10:24:41 IST" name="searchWithoutLocation" finished-at="2025-04-09T10:24:41 IST" duration-ms="770" status="PASS">
          <reporter-output>
          </reporter-output>
        </test-method> <!-- searchWithoutLocation -->
        <test-method is-config="true" signature="screenshot(org.testng.ITestResult)[pri:0, instance:adactin.test.SearchHotelTest@7b84fcf8]" started-at="2025-04-09T10:24:41 IST" name="screenshot" finished-at="2025-04-09T10:24:41 IST" duration-ms="1" status="PASS">
          <params>
            <param index="0">
              <value>
                <![CDATA[[TestResult name=searchWithoutLocation status=SUCCESS method=SearchHotelTest.searchWithoutLocation()[pri:4, instance:adactin.test.SearchHotelTest@7b84fcf8] output={null}]]]>
              </value>
            </param>
          </params>
          <reporter-output>
          </reporter-output>
        </test-method> <!-- screenshot -->
        <test-method is-config="true" signature="setUpPages()[pri:0, instance:adactin.test.SearchHotelTest@7b84fcf8]" started-at="2025-04-09T10:24:42 IST" name="setUpPages" finished-at="2025-04-09T10:24:42 IST" duration-ms="10" status="PASS">
          <reporter-output>
          </reporter-output>
        </test-method> <!-- setUpPages -->
        <test-method signature="testSelectHotel(java.lang.String,java.lang.String,java.lang.String,java.lang.String,java.lang.String)[pri:5, instance:adactin.test.SearchHotelTest@7b84fcf8]" started-at="2025-04-09T10:24:42 IST" name="testSelectHotel" data-provider="userData" finished-at="2025-04-09T10:24:54 IST" duration-ms="12704" status="PASS">
          <params>
            <param index="0">
              <value>
                <![CDATA[Adam]]>
              </value>
            </param>
            <param index="1">
              <value>
                <![CDATA[Marcus]]>
              </value>
            </param>
            <param index="2">
              <value>
                <![CDATA[addr 123]]>
              </value>
            </param>
            <param index="3">
              <value>
                <![CDATA[1234567890121210]]>
              </value>
            </param>
            <param index="4">
              <value>
                <![CDATA[121]]>
              </value>
            </param>
          </params>
          <reporter-output>
          </reporter-output>
        </test-method> <!-- testSelectHotel -->
        <test-method is-config="true" signature="screenshot(org.testng.ITestResult)[pri:0, instance:adactin.test.SearchHotelTest@7b84fcf8]" started-at="2025-04-09T10:24:54 IST" name="screenshot" finished-at="2025-04-09T10:24:54 IST" duration-ms="1" status="PASS">
          <params>
            <param index="0">
              <value>
                <![CDATA[[TestResult name=testSelectHotel status=SUCCESS method=SearchHotelTest.testSelectHotel(java.lang.String,java.lang.String,java.lang.String,java.lang.String,java.lang.String)[pri:5, instance:adactin.test.SearchHotelTest@7b84fcf8] output={null}]]]>
              </value>
            </param>
          </params>
          <reporter-output>
          </reporter-output>
        </test-method> <!-- screenshot -->
        <test-method is-config="true" signature="setUpPages()[pri:0, instance:adactin.test.SearchHotelTest@7b84fcf8]" started-at="2025-04-09T10:24:54 IST" name="setUpPages" finished-at="2025-04-09T10:24:54 IST" duration-ms="3" status="PASS">
          <reporter-output>
          </reporter-output>
        </test-method> <!-- setUpPages -->
        <test-method signature="testSelectHotel(java.lang.String,java.lang.String,java.lang.String,java.lang.String,java.lang.String)[pri:5, instance:adactin.test.SearchHotelTest@7b84fcf8]" started-at="2025-04-09T10:24:54 IST" name="testSelectHotel" data-provider="userData" finished-at="2025-04-09T10:25:04 IST" duration-ms="9707" status="PASS">
          <params>
            <param index="0">
              <value>
                <![CDATA[Adam]]>
              </value>
            </param>
            <param index="1">
              <value>
                <![CDATA[Marcus]]>
              </value>
            </param>
            <param index="2">
              <value>
                <![CDATA[addr 123]]>
              </value>
            </param>
            <param index="3">
              <value>
                <![CDATA[1234567890121210]]>
              </value>
            </param>
            <param index="4">
              <value>
                <![CDATA[121]]>
              </value>
            </param>
          </params>
          <reporter-output>
          </reporter-output>
        </test-method> <!-- testSelectHotel -->
        <test-method is-config="true" signature="screenshot(org.testng.ITestResult)[pri:0, instance:adactin.test.SearchHotelTest@7b84fcf8]" started-at="2025-04-09T10:25:04 IST" name="screenshot" finished-at="2025-04-09T10:25:04 IST" duration-ms="0" status="PASS">
          <params>
            <param index="0">
              <value>
                <![CDATA[[TestResult name=testSelectHotel status=SUCCESS method=SearchHotelTest.testSelectHotel(java.lang.String,java.lang.String,java.lang.String,java.lang.String,java.lang.String)[pri:5, instance:adactin.test.SearchHotelTest@7b84fcf8] output={null}]]]>
              </value>
            </param>
          </params>
          <reporter-output>
          </reporter-output>
        </test-method> <!-- screenshot -->
        <test-method is-config="true" signature="setUpPages()[pri:0, instance:adactin.test.SearchHotelTest@7b84fcf8]" started-at="2025-04-09T10:25:04 IST" name="setUpPages" finished-at="2025-04-09T10:25:04 IST" duration-ms="3" status="PASS">
          <reporter-output>
          </reporter-output>
        </test-method> <!-- setUpPages -->
        <test-method signature="testSelectHotel(java.lang.String,java.lang.String,java.lang.String,java.lang.String,java.lang.String)[pri:5, instance:adactin.test.SearchHotelTest@7b84fcf8]" started-at="2025-04-09T10:25:04 IST" name="testSelectHotel" data-provider="userData" finished-at="2025-04-09T10:25:15 IST" duration-ms="10616" status="PASS">
          <params>
            <param index="0">
              <value>
                <![CDATA[Adam]]>
              </value>
            </param>
            <param index="1">
              <value>
                <![CDATA[Marcus]]>
              </value>
            </param>
            <param index="2">
              <value>
                <![CDATA[addr 123]]>
              </value>
            </param>
            <param index="3">
              <value>
                <![CDATA[1234567890121210]]>
              </value>
            </param>
            <param index="4">
              <value>
                <![CDATA[121]]>
              </value>
            </param>
          </params>
          <reporter-output>
          </reporter-output>
        </test-method> <!-- testSelectHotel -->
        <test-method is-config="true" signature="screenshot(org.testng.ITestResult)[pri:0, instance:adactin.test.SearchHotelTest@7b84fcf8]" started-at="2025-04-09T10:25:15 IST" name="screenshot" finished-at="2025-04-09T10:25:15 IST" duration-ms="0" status="PASS">
          <params>
            <param index="0">
              <value>
                <![CDATA[[TestResult name=testSelectHotel status=SUCCESS method=SearchHotelTest.testSelectHotel(java.lang.String,java.lang.String,java.lang.String,java.lang.String,java.lang.String)[pri:5, instance:adactin.test.SearchHotelTest@7b84fcf8] output={null}]]]>
              </value>
            </param>
          </params>
          <reporter-output>
          </reporter-output>
        </test-method> <!-- screenshot -->
        <test-method is-config="true" signature="setUpPages()[pri:0, instance:adactin.test.SearchHotelTest@7b84fcf8]" started-at="2025-04-09T10:25:15 IST" name="setUpPages" finished-at="2025-04-09T10:25:15 IST" duration-ms="5" status="PASS">
          <reporter-output>
          </reporter-output>
        </test-method> <!-- setUpPages -->
        <test-method signature="testSelectHotel(java.lang.String,java.lang.String,java.lang.String,java.lang.String,java.lang.String)[pri:5, instance:adactin.test.SearchHotelTest@7b84fcf8]" started-at="2025-04-09T10:25:15 IST" name="testSelectHotel" data-provider="userData" finished-at="2025-04-09T10:25:25 IST" duration-ms="9667" status="PASS">
          <params>
            <param index="0">
              <value>
                <![CDATA[Adam]]>
              </value>
            </param>
            <param index="1">
              <value>
                <![CDATA[Marcus]]>
              </value>
            </param>
            <param index="2">
              <value>
                <![CDATA[addr 123]]>
              </value>
            </param>
            <param index="3">
              <value>
                <![CDATA[1234567890121210]]>
              </value>
            </param>
            <param index="4">
              <value>
                <![CDATA[121]]>
              </value>
            </param>
          </params>
          <reporter-output>
          </reporter-output>
        </test-method> <!-- testSelectHotel -->
        <test-method is-config="true" signature="screenshot(org.testng.ITestResult)[pri:0, instance:adactin.test.SearchHotelTest@7b84fcf8]" started-at="2025-04-09T10:25:25 IST" name="screenshot" finished-at="2025-04-09T10:25:25 IST" duration-ms="1" status="PASS">
          <params>
            <param index="0">
              <value>
                <![CDATA[[TestResult name=testSelectHotel status=SUCCESS method=SearchHotelTest.testSelectHotel(java.lang.String,java.lang.String,java.lang.String,java.lang.String,java.lang.String)[pri:5, instance:adactin.test.SearchHotelTest@7b84fcf8] output={null}]]]>
              </value>
            </param>
          </params>
          <reporter-output>
          </reporter-output>
        </test-method> <!-- screenshot -->
        <test-method is-config="true" signature="setUpPages()[pri:0, instance:adactin.test.SearchHotelTest@7b84fcf8]" started-at="2025-04-09T10:25:25 IST" name="setUpPages" finished-at="2025-04-09T10:25:25 IST" duration-ms="3" status="PASS">
          <reporter-output>
          </reporter-output>
        </test-method> <!-- setUpPages -->
        <test-method signature="testSelectHotel(java.lang.String,java.lang.String,java.lang.String,java.lang.String,java.lang.String)[pri:5, instance:adactin.test.SearchHotelTest@7b84fcf8]" started-at="2025-04-09T10:25:25 IST" name="testSelectHotel" data-provider="userData" finished-at="2025-04-09T10:25:34 IST" duration-ms="9659" status="PASS">
          <params>
            <param index="0">
              <value>
                <![CDATA[Adam]]>
              </value>
            </param>
            <param index="1">
              <value>
                <![CDATA[Marcus]]>
              </value>
            </param>
            <param index="2">
              <value>
                <![CDATA[addr 123]]>
              </value>
            </param>
            <param index="3">
              <value>
                <![CDATA[1234567890121210]]>
              </value>
            </param>
            <param index="4">
              <value>
                <![CDATA[121]]>
              </value>
            </param>
          </params>
          <reporter-output>
          </reporter-output>
        </test-method> <!-- testSelectHotel -->
        <test-method is-config="true" signature="screenshot(org.testng.ITestResult)[pri:0, instance:adactin.test.SearchHotelTest@7b84fcf8]" started-at="2025-04-09T10:25:34 IST" name="screenshot" finished-at="2025-04-09T10:25:34 IST" duration-ms="1" status="PASS">
          <params>
            <param index="0">
              <value>
                <![CDATA[[TestResult name=testSelectHotel status=SUCCESS method=SearchHotelTest.testSelectHotel(java.lang.String,java.lang.String,java.lang.String,java.lang.String,java.lang.String)[pri:5, instance:adactin.test.SearchHotelTest@7b84fcf8] output={null}]]]>
              </value>
            </param>
          </params>
          <reporter-output>
          </reporter-output>
        </test-method> <!-- screenshot -->
        <test-method is-config="true" signature="setUpPages()[pri:0, instance:adactin.test.SearchHotelTest@7b84fcf8]" started-at="2025-04-09T10:25:34 IST" name="setUpPages" finished-at="2025-04-09T10:25:34 IST" duration-ms="7" status="PASS">
          <reporter-output>
          </reporter-output>
        </test-method> <!-- setUpPages -->
        <test-method signature="testWithoutSelectHotel()[pri:6, instance:adactin.test.SearchHotelTest@7b84fcf8]" started-at="2025-04-09T10:25:34 IST" name="testWithoutSelectHotel" finished-at="2025-04-09T10:25:37 IST" duration-ms="2291" status="PASS">
          <reporter-output>
          </reporter-output>
        </test-method> <!-- testWithoutSelectHotel -->
        <test-method is-config="true" signature="screenshot(org.testng.ITestResult)[pri:0, instance:adactin.test.SearchHotelTest@7b84fcf8]" started-at="2025-04-09T10:25:37 IST" name="screenshot" finished-at="2025-04-09T10:25:37 IST" duration-ms="1" status="PASS">
          <params>
            <param index="0">
              <value>
                <![CDATA[[TestResult name=testWithoutSelectHotel status=SUCCESS method=SearchHotelTest.testWithoutSelectHotel()[pri:6, instance:adactin.test.SearchHotelTest@7b84fcf8] output={null}]]]>
              </value>
            </param>
          </params>
          <reporter-output>
          </reporter-output>
        </test-method> <!-- screenshot -->
        <test-method is-config="true" signature="setUpPages()[pri:0, instance:adactin.test.SearchHotelTest@7b84fcf8]" started-at="2025-04-09T10:25:37 IST" name="setUpPages" finished-at="2025-04-09T10:25:37 IST" duration-ms="2" status="PASS">
          <reporter-output>
          </reporter-output>
        </test-method> <!-- setUpPages -->
        <test-method signature="testWithoutOptionalFields()[pri:7, instance:adactin.test.SearchHotelTest@7b84fcf8]" started-at="2025-04-09T10:25:37 IST" name="testWithoutOptionalFields" finished-at="2025-04-09T10:25:38 IST" duration-ms="1426" status="PASS">
          <reporter-output>
          </reporter-output>
        </test-method> <!-- testWithoutOptionalFields -->
        <test-method is-config="true" signature="screenshot(org.testng.ITestResult)[pri:0, instance:adactin.test.SearchHotelTest@7b84fcf8]" started-at="2025-04-09T10:25:38 IST" name="screenshot" finished-at="2025-04-09T10:25:38 IST" duration-ms="0" status="PASS">
          <params>
            <param index="0">
              <value>
                <![CDATA[[TestResult name=testWithoutOptionalFields status=SUCCESS method=SearchHotelTest.testWithoutOptionalFields()[pri:7, instance:adactin.test.SearchHotelTest@7b84fcf8] output={null}]]]>
              </value>
            </param>
          </params>
          <reporter-output>
          </reporter-output>
        </test-method> <!-- screenshot -->
      </class> <!-- adactin.test.SearchHotelTest -->
      <class name="adactin.test.BookedItineraryTest">
        <test-method is-config="true" signature="setup(java.lang.String)[pri:0, instance:adactin.test.BookedItineraryTest@6ad59d92]" started-at="2025-04-09T10:26:01 IST" name="setup" finished-at="2025-04-09T10:26:06 IST" duration-ms="4576" status="PASS">
          <params>
            <param index="0">
              <value>
                <![CDATA[chrome]]>
              </value>
            </param>
          </params>
          <reporter-output>
          </reporter-output>
        </test-method> <!-- setup -->
        <test-method is-config="true" signature="setUpPages()[pri:0, instance:adactin.test.BookedItineraryTest@6ad59d92]" started-at="2025-04-09T10:26:06 IST" name="setUpPages" finished-at="2025-04-09T10:26:06 IST" duration-ms="7" status="PASS">
          <reporter-output>
          </reporter-output>
        </test-method> <!-- setUpPages -->
        <test-method signature="testBookedItinerariLink()[pri:1, instance:adactin.test.BookedItineraryTest@6ad59d92]" started-at="2025-04-09T10:26:06 IST" name="testBookedItinerariLink" finished-at="2025-04-09T10:26:24 IST" duration-ms="18079" status="PASS">
          <reporter-output>
          </reporter-output>
        </test-method> <!-- testBookedItinerariLink -->
        <test-method is-config="true" signature="screenshot(org.testng.ITestResult)[pri:0, instance:adactin.test.BookedItineraryTest@6ad59d92]" started-at="2025-04-09T10:26:24 IST" name="screenshot" finished-at="2025-04-09T10:26:24 IST" duration-ms="0" status="PASS">
          <params>
            <param index="0">
              <value>
                <![CDATA[[TestResult name=testBookedItinerariLink status=SUCCESS method=BookedItineraryTest.testBookedItinerariLink()[pri:1, instance:adactin.test.BookedItineraryTest@6ad59d92] output={null}]]]>
              </value>
            </param>
          </params>
          <reporter-output>
          </reporter-output>
        </test-method> <!-- screenshot -->
        <test-method is-config="true" signature="setUpPages()[pri:0, instance:adactin.test.BookedItineraryTest@6ad59d92]" started-at="2025-04-09T10:26:24 IST" name="setUpPages" finished-at="2025-04-09T10:26:24 IST" duration-ms="7" status="PASS">
          <reporter-output>
          </reporter-output>
        </test-method> <!-- setUpPages -->
        <test-method signature="verifyDetails()[pri:2, instance:adactin.test.BookedItineraryTest@6ad59d92]" started-at="2025-04-09T10:26:24 IST" name="verifyDetails" finished-at="2025-04-09T10:26:24 IST" duration-ms="70" status="PASS">
          <reporter-output>
          </reporter-output>
        </test-method> <!-- verifyDetails -->
        <test-method is-config="true" signature="screenshot(org.testng.ITestResult)[pri:0, instance:adactin.test.BookedItineraryTest@6ad59d92]" started-at="2025-04-09T10:26:24 IST" name="screenshot" finished-at="2025-04-09T10:26:24 IST" duration-ms="1" status="PASS">
          <params>
            <param index="0">
              <value>
                <![CDATA[[TestResult name=verifyDetails status=SUCCESS method=BookedItineraryTest.verifyDetails()[pri:2, instance:adactin.test.BookedItineraryTest@6ad59d92] output={null}]]]>
              </value>
            </param>
          </params>
          <reporter-output>
          </reporter-output>
        </test-method> <!-- screenshot -->
        <test-method is-config="true" signature="setUpPages()[pri:0, instance:adactin.test.BookedItineraryTest@6ad59d92]" started-at="2025-04-09T10:26:24 IST" name="setUpPages" finished-at="2025-04-09T10:26:24 IST" duration-ms="6" status="PASS">
          <reporter-output>
          </reporter-output>
        </test-method> <!-- setUpPages -->
        <test-method signature="testCancelBookingWithCheckBox()[pri:3, instance:adactin.test.BookedItineraryTest@6ad59d92]" started-at="2025-04-09T10:26:24 IST" name="testCancelBookingWithCheckBox" finished-at="2025-04-09T10:26:47 IST" duration-ms="23262" status="PASS">
          <reporter-output>
          </reporter-output>
        </test-method> <!-- testCancelBookingWithCheckBox -->
        <test-method is-config="true" signature="screenshot(org.testng.ITestResult)[pri:0, instance:adactin.test.BookedItineraryTest@6ad59d92]" started-at="2025-04-09T10:26:47 IST" name="screenshot" finished-at="2025-04-09T10:26:47 IST" duration-ms="0" status="PASS">
          <params>
            <param index="0">
              <value>
                <![CDATA[[TestResult name=testCancelBookingWithCheckBox status=SUCCESS method=BookedItineraryTest.testCancelBookingWithCheckBox()[pri:3, instance:adactin.test.BookedItineraryTest@6ad59d92] output={null}]]]>
              </value>
            </param>
          </params>
          <reporter-output>
          </reporter-output>
        </test-method> <!-- screenshot -->
        <test-method is-config="true" signature="setUpPages()[pri:0, instance:adactin.test.BookedItineraryTest@6ad59d92]" started-at="2025-04-09T10:26:47 IST" name="setUpPages" finished-at="2025-04-09T10:26:47 IST" duration-ms="2" status="PASS">
          <reporter-output>
          </reporter-output>
        </test-method> <!-- setUpPages -->
        <test-method signature="testCancelWithOrderBtn()[pri:4, instance:adactin.test.BookedItineraryTest@6ad59d92]" started-at="2025-04-09T10:26:47 IST" name="testCancelWithOrderBtn" finished-at="2025-04-09T10:27:32 IST" duration-ms="45287" status="PASS">
          <reporter-output>
          </reporter-output>
        </test-method> <!-- testCancelWithOrderBtn -->
        <test-method is-config="true" signature="screenshot(org.testng.ITestResult)[pri:0, instance:adactin.test.BookedItineraryTest@6ad59d92]" started-at="2025-04-09T10:27:32 IST" name="screenshot" finished-at="2025-04-09T10:27:32 IST" duration-ms="0" status="PASS">
          <params>
            <param index="0">
              <value>
                <![CDATA[[TestResult name=testCancelWithOrderBtn status=SUCCESS method=BookedItineraryTest.testCancelWithOrderBtn()[pri:4, instance:adactin.test.BookedItineraryTest@6ad59d92] output={null}]]]>
              </value>
            </param>
          </params>
          <reporter-output>
          </reporter-output>
        </test-method> <!-- screenshot -->
        <test-method is-config="true" signature="setUpPages()[pri:0, instance:adactin.test.BookedItineraryTest@6ad59d92]" started-at="2025-04-09T10:27:32 IST" name="setUpPages" finished-at="2025-04-09T10:27:32 IST" duration-ms="2" status="PASS">
          <reporter-output>
          </reporter-output>
        </test-method> <!-- setUpPages -->
        <test-method signature="testSearchOrder()[pri:5, instance:adactin.test.BookedItineraryTest@6ad59d92]" started-at="2025-04-09T10:27:32 IST" name="testSearchOrder" finished-at="2025-04-09T10:28:24 IST" duration-ms="51823" status="PASS">
          <reporter-output>
          </reporter-output>
        </test-method> <!-- testSearchOrder -->
        <test-method is-config="true" signature="screenshot(org.testng.ITestResult)[pri:0, instance:adactin.test.BookedItineraryTest@6ad59d92]" started-at="2025-04-09T10:28:24 IST" name="screenshot" finished-at="2025-04-09T10:28:24 IST" duration-ms="0" status="PASS">
          <params>
            <param index="0">
              <value>
                <![CDATA[[TestResult name=testSearchOrder status=SUCCESS method=BookedItineraryTest.testSearchOrder()[pri:5, instance:adactin.test.BookedItineraryTest@6ad59d92] output={null}]]]>
              </value>
            </param>
          </params>
          <reporter-output>
          </reporter-output>
        </test-method> <!-- screenshot -->
        <test-method is-config="true" signature="setUpPages()[pri:0, instance:adactin.test.BookedItineraryTest@6ad59d92]" started-at="2025-04-09T10:28:24 IST" name="setUpPages" finished-at="2025-04-09T10:28:24 IST" duration-ms="3" status="PASS">
          <reporter-output>
          </reporter-output>
        </test-method> <!-- setUpPages -->
        <test-method signature="testSelectAllCehckbox()[pri:6, instance:adactin.test.BookedItineraryTest@6ad59d92]" started-at="2025-04-09T10:28:24 IST" name="testSelectAllCehckbox" finished-at="2025-04-09T10:28:43 IST" duration-ms="18964" status="PASS">
          <reporter-output>
          </reporter-output>
        </test-method> <!-- testSelectAllCehckbox -->
        <test-method is-config="true" signature="screenshot(org.testng.ITestResult)[pri:0, instance:adactin.test.BookedItineraryTest@6ad59d92]" started-at="2025-04-09T10:28:43 IST" name="screenshot" finished-at="2025-04-09T10:28:43 IST" duration-ms="0" status="PASS">
          <params>
            <param index="0">
              <value>
                <![CDATA[[TestResult name=testSelectAllCehckbox status=SUCCESS method=BookedItineraryTest.testSelectAllCehckbox()[pri:6, instance:adactin.test.BookedItineraryTest@6ad59d92] output={null}]]]>
              </value>
            </param>
          </params>
          <reporter-output>
          </reporter-output>
        </test-method> <!-- screenshot -->
        <test-method is-config="true" signature="setUpPages()[pri:0, instance:adactin.test.BookedItineraryTest@6ad59d92]" started-at="2025-04-09T10:28:43 IST" name="setUpPages" finished-at="2025-04-09T10:28:43 IST" duration-ms="2" status="PASS">
          <reporter-output>
          </reporter-output>
        </test-method> <!-- setUpPages -->
        <test-method signature="testLogout()[pri:7, instance:adactin.test.BookedItineraryTest@6ad59d92]" started-at="2025-04-09T10:28:43 IST" name="testLogout" finished-at="2025-04-09T10:29:04 IST" duration-ms="20896" status="PASS">
          <reporter-output>
          </reporter-output>
        </test-method> <!-- testLogout -->
        <test-method is-config="true" signature="screenshot(org.testng.ITestResult)[pri:0, instance:adactin.test.BookedItineraryTest@6ad59d92]" started-at="2025-04-09T10:29:04 IST" name="screenshot" finished-at="2025-04-09T10:29:04 IST" duration-ms="0" status="PASS">
          <params>
            <param index="0">
              <value>
                <![CDATA[[TestResult name=testLogout status=SUCCESS method=BookedItineraryTest.testLogout()[pri:7, instance:adactin.test.BookedItineraryTest@6ad59d92] output={null}]]]>
              </value>
            </param>
          </params>
          <reporter-output>
          </reporter-output>
        </test-method> <!-- screenshot -->
        <test-method is-config="true" signature="setUpPages()[pri:0, instance:adactin.test.BookedItineraryTest@6ad59d92]" started-at="2025-04-09T10:29:04 IST" name="setUpPages" finished-at="2025-04-09T10:29:04 IST" duration-ms="2" status="PASS">
          <reporter-output>
          </reporter-output>
        </test-method> <!-- setUpPages -->
        <test-method signature="testLoginAgain()[pri:8, instance:adactin.test.BookedItineraryTest@6ad59d92]" started-at="2025-04-09T10:29:04 IST" name="testLoginAgain" finished-at="2025-04-09T10:29:04 IST" duration-ms="436" status="PASS">
          <reporter-output>
          </reporter-output>
        </test-method> <!-- testLoginAgain -->
        <test-method is-config="true" signature="screenshot(org.testng.ITestResult)[pri:0, instance:adactin.test.BookedItineraryTest@6ad59d92]" started-at="2025-04-09T10:29:04 IST" name="screenshot" finished-at="2025-04-09T10:29:04 IST" duration-ms="2" status="PASS">
          <params>
            <param index="0">
              <value>
                <![CDATA[[TestResult name=testLoginAgain status=SUCCESS method=BookedItineraryTest.testLoginAgain()[pri:8, instance:adactin.test.BookedItineraryTest@6ad59d92] output={null}]]]>
              </value>
            </param>
          </params>
          <reporter-output>
          </reporter-output>
        </test-method> <!-- screenshot -->
      </class> <!-- adactin.test.BookedItineraryTest -->
      <class name="adactin.test.BookingTest">
        <test-method is-config="true" signature="setup(java.lang.String)[pri:0, instance:adactin.test.BookingTest@366ac49b]" started-at="2025-04-09T10:25:38 IST" name="setup" finished-at="2025-04-09T10:25:43 IST" duration-ms="5337" status="PASS">
          <params>
            <param index="0">
              <value>
                <![CDATA[chrome]]>
              </value>
            </param>
          </params>
          <reporter-output>
          </reporter-output>
        </test-method> <!-- setup -->
        <test-method is-config="true" signature="setUpPages()[pri:0, instance:adactin.test.BookingTest@366ac49b]" started-at="2025-04-09T10:25:44 IST" name="setUpPages" finished-at="2025-04-09T10:25:44 IST" duration-ms="3" status="PASS">
          <reporter-output>
          </reporter-output>
        </test-method> <!-- setUpPages -->
        <test-method signature="testBookHotel(java.lang.String,java.lang.String,java.lang.String,java.lang.String,java.lang.String)[pri:1, instance:adactin.test.BookingTest@366ac49b]" started-at="2025-04-09T10:25:44 IST" name="testBookHotel" data-provider="userData" finished-at="2025-04-09T10:25:49 IST" duration-ms="5215" status="PASS">
          <params>
            <param index="0">
              <value>
                <![CDATA[Adam]]>
              </value>
            </param>
            <param index="1">
              <value>
                <![CDATA[Marcus]]>
              </value>
            </param>
            <param index="2">
              <value>
                <![CDATA[addr 123]]>
              </value>
            </param>
            <param index="3">
              <value>
                <![CDATA[1234567890121210]]>
              </value>
            </param>
            <param index="4">
              <value>
                <![CDATA[121]]>
              </value>
            </param>
          </params>
          <reporter-output>
          </reporter-output>
        </test-method> <!-- testBookHotel -->
        <test-method is-config="true" signature="screenshot(org.testng.ITestResult)[pri:0, instance:adactin.test.BookingTest@366ac49b]" started-at="2025-04-09T10:25:49 IST" name="screenshot" finished-at="2025-04-09T10:25:49 IST" duration-ms="1" status="PASS">
          <params>
            <param index="0">
              <value>
                <![CDATA[[TestResult name=testBookHotel status=SUCCESS method=BookingTest.testBookHotel(java.lang.String,java.lang.String,java.lang.String,java.lang.String,java.lang.String)[pri:1, instance:adactin.test.BookingTest@366ac49b] output={null}]]]>
              </value>
            </param>
          </params>
          <reporter-output>
          </reporter-output>
        </test-method> <!-- screenshot -->
        <test-method is-config="true" signature="setUpPages()[pri:0, instance:adactin.test.BookingTest@366ac49b]" started-at="2025-04-09T10:25:49 IST" name="setUpPages" finished-at="2025-04-09T10:25:49 IST" duration-ms="3" status="PASS">
          <reporter-output>
          </reporter-output>
        </test-method> <!-- setUpPages -->
        <test-method signature="testMyItinerary()[pri:2, instance:adactin.test.BookingTest@366ac49b]" started-at="2025-04-09T10:25:49 IST" name="testMyItinerary" finished-at="2025-04-09T10:25:55 IST" depends-on-methods="adactin.test.BookingTest.testBookHotel" duration-ms="5932" status="PASS">
          <reporter-output>
          </reporter-output>
        </test-method> <!-- testMyItinerary -->
        <test-method is-config="true" signature="screenshot(org.testng.ITestResult)[pri:0, instance:adactin.test.BookingTest@366ac49b]" started-at="2025-04-09T10:25:55 IST" name="screenshot" finished-at="2025-04-09T10:25:55 IST" duration-ms="0" status="PASS">
          <params>
            <param index="0">
              <value>
                <![CDATA[[TestResult name=testMyItinerary status=SUCCESS method=BookingTest.testMyItinerary()[pri:2, instance:adactin.test.BookingTest@366ac49b] output={null}]]]>
              </value>
            </param>
          </params>
          <reporter-output>
          </reporter-output>
        </test-method> <!-- screenshot -->
        <test-method is-config="true" signature="setUpPages()[pri:0, instance:adactin.test.BookingTest@366ac49b]" started-at="2025-04-09T10:25:55 IST" name="setUpPages" finished-at="2025-04-09T10:25:55 IST" duration-ms="2" status="PASS">
          <reporter-output>
          </reporter-output>
        </test-method> <!-- setUpPages -->
        <test-method signature="testDetails()[pri:3, instance:adactin.test.BookingTest@366ac49b]" started-at="2025-04-09T10:25:55 IST" name="testDetails" finished-at="2025-04-09T10:25:55 IST" depends-on-methods="adactin.test.BookingTest.testBookHotel" duration-ms="306" status="FAIL">
          <exception class="java.lang.AssertionError">
            <message>
              <![CDATA[The following asserts failed:
Room type mismatch expected [Double] but found [Deluxe],
Last name mismatch expected [Marcus] but found []]]>
            </message>
            <full-stacktrace>
              <![CDATA[java.lang.AssertionError: The following asserts failed:
Room type mismatch expected [Double] but found [Deluxe],
Last name mismatch expected [Marcus] but found []
at org.testng.asserts.SoftAssert.assertAll(SoftAssert.java:46)
at org.testng.asserts.SoftAssert.assertAll(SoftAssert.java:30)
at adactin.test.BookingTest.testDetails(BookingTest.java:92)
at java.base/jdk.internal.reflect.NativeMethodAccessorImpl.invoke0(Native Method)
at java.base/jdk.internal.reflect.NativeMethodAccessorImpl.invoke(NativeMethodAccessorImpl.java:77)
at java.base/jdk.internal.reflect.DelegatingMethodAccessorImpl.invoke(DelegatingMethodAccessorImpl.java:43)
at java.base/java.lang.reflect.Method.invoke(Method.java:568)
at org.testng.internal.invokers.MethodInvocationHelper.invokeMethod(MethodInvocationHelper.java:141)
at org.testng.internal.invokers.TestInvoker.invokeMethod(TestInvoker.java:686)
at org.testng.internal.invokers.TestInvoker.invokeTestMethod(TestInvoker.java:230)
at org.testng.internal.invokers.MethodRunner.runInSequence(MethodRunner.java:63)
at org.testng.internal.invokers.TestInvoker$MethodInvocationAgent.invoke(TestInvoker.java:992)
at org.testng.internal.invokers.TestInvoker.invokeTestMethods(TestInvoker.java:203)
at org.testng.internal.invokers.TestMethodWorker.invokeTestMethods(TestMethodWorker.java:154)
at org.testng.internal.invokers.TestMethodWorker.run(TestMethodWorker.java:134)
at java.base/java.util.ArrayList.forEach(ArrayList.java:1511)
at org.testng.TestRunner.privateRun(TestRunner.java:739)
at org.testng.TestRunner.run(TestRunner.java:614)
at org.testng.SuiteRunner.runTest(SuiteRunner.java:421)
at org.testng.SuiteRunner.runSequentially(SuiteRunner.java:413)
at org.testng.SuiteRunner.privateRun(SuiteRunner.java:373)
at org.testng.SuiteRunner.run(SuiteRunner.java:312)
at org.testng.SuiteRunnerWorker.runSuite(SuiteRunnerWorker.java:52)
at org.testng.SuiteRunnerWorker.run(SuiteRunnerWorker.java:95)
at org.testng.TestNG.runSuitesSequentially(TestNG.java:1274)
at org.testng.TestNG.runSuitesLocally(TestNG.java:1208)
at org.testng.TestNG.runSuites(TestNG.java:1112)
at org.testng.TestNG.run(TestNG.java:1079)
at org.testng.remote.AbstractRemoteTestNG.run(AbstractRemoteTestNG.java:115)
at org.testng.remote.RemoteTestNG.initAndRun(RemoteTestNG.java:293)
at org.testng.remote.RemoteTestNG.main(RemoteTestNG.java:91)
]]>
            </full-stacktrace>
          </exception> <!-- java.lang.AssertionError -->
          <reporter-output>
          </reporter-output>
        </test-method> <!-- testDetails -->
        <test-method is-config="true" signature="screenshot(org.testng.ITestResult)[pri:0, instance:adactin.test.BookingTest@366ac49b]" started-at="2025-04-09T10:25:55 IST" name="screenshot" finished-at="2025-04-09T10:25:56 IST" duration-ms="426" status="PASS">
          <params>
            <param index="0">
              <value>
                <![CDATA[[TestResult name=testDetails status=FAILURE method=BookingTest.testDetails()[pri:3, instance:adactin.test.BookingTest@366ac49b] output={null}]]]>
              </value>
            </param>
          </params>
          <reporter-output>
          </reporter-output>
        </test-method> <!-- screenshot -->
        <test-method is-config="true" signature="setUpPages()[pri:0, instance:adactin.test.BookingTest@366ac49b]" started-at="2025-04-09T10:25:56 IST" name="setUpPages" finished-at="2025-04-09T10:25:56 IST" duration-ms="2" status="PASS">
          <reporter-output>
          </reporter-output>
        </test-method> <!-- setUpPages -->
        <test-method signature="testBookingWithInvalidCardDetails(java.lang.String,java.lang.String,java.lang.String,java.lang.String,java.lang.String)[pri:5, instance:adactin.test.BookingTest@366ac49b]" started-at="2025-04-09T10:25:56 IST" name="testBookingWithInvalidCardDetails" data-provider="invalidUserData" finished-at="2025-04-09T10:26:01 IST" duration-ms="5231" status="PASS">
          <params>
            <param index="0">
              <value>
                <![CDATA[Adam]]>
              </value>
            </param>
            <param index="1">
              <value>
                <![CDATA[Marcus]]>
              </value>
            </param>
            <param index="2">
              <value>
                <![CDATA[addr 123]]>
              </value>
            </param>
            <param index="3">
              <value>
                <![CDATA[123456]]>
              </value>
            </param>
            <param index="4">
              <value>
                <![CDATA[121]]>
              </value>
            </param>
          </params>
          <reporter-output>
          </reporter-output>
        </test-method> <!-- testBookingWithInvalidCardDetails -->
        <test-method is-config="true" signature="screenshot(org.testng.ITestResult)[pri:0, instance:adactin.test.BookingTest@366ac49b]" started-at="2025-04-09T10:26:01 IST" name="screenshot" finished-at="2025-04-09T10:26:01 IST" duration-ms="0" status="PASS">
          <params>
            <param index="0">
              <value>
                <![CDATA[[TestResult name=testBookingWithInvalidCardDetails status=SUCCESS method=BookingTest.testBookingWithInvalidCardDetails(java.lang.String,java.lang.String,java.lang.String,java.lang.String,java.lang.String)[pri:5, instance:adactin.test.BookingTest@366ac49b] output={null}]]]>
              </value>
            </param>
          </params>
          <reporter-output>
          </reporter-output>
        </test-method> <!-- screenshot -->
      </class> <!-- adactin.test.BookingTest -->
      <class name="adactin.test.LoginTest">
        <test-method is-config="true" signature="setup(java.lang.String)[pri:0, instance:adactin.test.LoginTest@5d9b7a8a]" started-at="2025-04-09T10:24:19 IST" name="setup" finished-at="2025-04-09T10:24:25 IST" duration-ms="6244" status="PASS">
          <params>
            <param index="0">
              <value>
                <![CDATA[chrome]]>
              </value>
            </param>
          </params>
          <reporter-output>
          </reporter-output>
        </test-method> <!-- setup -->
        <test-method is-config="true" signature="setUpPages()[pri:0, instance:adactin.test.LoginTest@5d9b7a8a]" started-at="2025-04-09T10:24:25 IST" name="setUpPages" finished-at="2025-04-09T10:24:25 IST" duration-ms="111" status="PASS">
          <reporter-output>
          </reporter-output>
        </test-method> <!-- setUpPages -->
        <test-method signature="testLogo()[pri:1, instance:adactin.test.LoginTest@5d9b7a8a]" started-at="2025-04-09T10:24:25 IST" name="testLogo" finished-at="2025-04-09T10:24:25 IST" duration-ms="122" status="PASS">
          <reporter-output>
          </reporter-output>
        </test-method> <!-- testLogo -->
        <test-method is-config="true" signature="screenshot(org.testng.ITestResult)[pri:0, instance:adactin.test.LoginTest@5d9b7a8a]" started-at="2025-04-09T10:24:25 IST" name="screenshot" finished-at="2025-04-09T10:24:25 IST" duration-ms="2" status="PASS">
          <params>
            <param index="0">
              <value>
                <![CDATA[[TestResult name=testLogo status=SUCCESS method=LoginTest.testLogo()[pri:1, instance:adactin.test.LoginTest@5d9b7a8a] output={null}]]]>
              </value>
            </param>
          </params>
          <reporter-output>
          </reporter-output>
        </test-method> <!-- screenshot -->
        <test-method is-config="true" signature="setUpPages()[pri:0, instance:adactin.test.LoginTest@5d9b7a8a]" started-at="2025-04-09T10:24:25 IST" name="setUpPages" finished-at="2025-04-09T10:24:25 IST" duration-ms="7" status="PASS">
          <reporter-output>
          </reporter-output>
        </test-method> <!-- setUpPages -->
        <test-method signature="isLoginBtnEnabled()[pri:2, instance:adactin.test.LoginTest@5d9b7a8a]" started-at="2025-04-09T10:24:25 IST" name="isLoginBtnEnabled" finished-at="2025-04-09T10:24:25 IST" duration-ms="58" status="PASS">
          <reporter-output>
          </reporter-output>
        </test-method> <!-- isLoginBtnEnabled -->
        <test-method is-config="true" signature="screenshot(org.testng.ITestResult)[pri:0, instance:adactin.test.LoginTest@5d9b7a8a]" started-at="2025-04-09T10:24:25 IST" name="screenshot" finished-at="2025-04-09T10:24:25 IST" duration-ms="1" status="PASS">
          <params>
            <param index="0">
              <value>
                <![CDATA[[TestResult name=isLoginBtnEnabled status=SUCCESS method=LoginTest.isLoginBtnEnabled()[pri:2, instance:adactin.test.LoginTest@5d9b7a8a] output={null}]]]>
              </value>
            </param>
          </params>
          <reporter-output>
          </reporter-output>
        </test-method> <!-- screenshot -->
      </class> <!-- adactin.test.LoginTest -->
    </test> <!-- Test -->
  </suite> <!-- Suite -->
</testng-results>
